::1 - - [07/Dec/2016:16:15:03 +0000] "GET /documents HTTP/1.1" 200 44 "-" "PostmanRuntime/3.0.1"
::1 - - [07/Dec/2016:16:15:12 +0000] "GET /documents HTTP/1.1" 200 44 "-" "PostmanRuntime/3.0.1"
::1 - - [07/Dec/2016:16:38:37 +0000] "GET /documents HTTP/1.1" 200 44 "-" "PostmanRuntime/3.0.1"
::1 - - [07/Dec/2016:16:38:49 +0000] "GET /documents HTTP/1.1" 200 44 "-" "PostmanRuntime/3.0.1"
::1 - - [07/Dec/2016:16:45:52 +0000] "POST /api/login HTTP/1.1" 404 23 "-" "PostmanRuntime/3.0.1"
::1 - - [07/Dec/2016:16:53:12 +0000] "POST /api/login HTTP/1.1" 200 47 "-" "PostmanRuntime/3.0.1"
::1 - - [07/Dec/2016:16:53:30 +0000] "POST /api/login HTTP/1.1" 200 47 "-" "PostmanRuntime/3.0.1"
::1 - - [07/Dec/2016:16:53:34 +0000] "POST /api/login HTTP/1.1" 401 27 "-" "PostmanRuntime/3.0.1"
::1 - - [07/Dec/2016:18:23:55 +0000] "POST /api/login HTTP/1.1" 404 23 "-" "PostmanRuntime/3.0.1"
::1 - - [07/Dec/2016:18:24:11 +0000] "POST /login HTTP/1.1" 401 24 "-" "PostmanRuntime/3.0.1"
::1 - - [07/Dec/2016:18:24:17 +0000] "POST /login HTTP/1.1" 200 63 "-" "PostmanRuntime/3.0.1"
::1 - - [07/Dec/2016:18:32:13 +0000] "POST /login HTTP/1.1" 200 63 "-" "PostmanRuntime/3.0.1"
::1 - - [07/Dec/2016:18:32:26 +0000] "POST /login HTTP/1.1" 200 62 "-" "PostmanRuntime/3.0.1"
::1 - - [07/Dec/2016:18:34:49 +0000] "GET /documents HTTP/1.1" 500 1624 "-" "PostmanRuntime/3.0.1"
::1 - - [07/Dec/2016:18:35:06 +0000] "GET /documents?token=TwJ3X2nhGG2MWqxkXv8doq1rzjJo4qDI HTTP/1.1" 500 1624 "-" "PostmanRuntime/3.0.1"
::1 - - [07/Dec/2016:18:35:20 +0000] "GET /documents?token=TwJ3X2nhGG2MWqxkXv8doq1rzjJo4qDI HTTP/1.1" 500 1624 "-" "PostmanRuntime/3.0.1"
::1 - - [07/Dec/2016:18:35:28 +0000] "GET /documents?token=TwJ3X2nhGG2MWqxkXv8doq1rzjJo4qDI HTTP/1.1" 401 40 "-" "PostmanRuntime/3.0.1"
::1 - - [07/Dec/2016:18:35:53 +0000] "GET /documents?token=TwJ3X2nhGG2MWqxkXv8doq1rzjJo4qDI HTTP/1.1" 401 40 "-" "PostmanRuntime/3.0.1"
::1 - - [07/Dec/2016:18:37:06 +0000] "GET /documents?token=TwJ3X2nhGG2MWqxkXv8doq1rzjJo4qDI HTTP/1.1" 200 44 "-" "PostmanRuntime/3.0.1"
::1 - - [07/Dec/2016:18:38:25 +0000] "GET /documents?token=TwJ3X2nhGG2MWqxkXv8doq1rzjJo4qDI HTTP/1.1" 500 1624 "-" "PostmanRuntime/3.0.1"
::1 - - [07/Dec/2016:18:38:33 +0000] "GET /documents?token=TwJ3X2nhGG2MWqxkXv8doq1rzjJo4qDI HTTP/1.1" 200 80 "-" "PostmanRuntime/3.0.1"
::1 - - [07/Dec/2016:18:40:34 +0000] "POST /login HTTP/1.1" 200 63 "-" "PostmanRuntime/3.0.1"
::1 - - [07/Dec/2016:18:40:50 +0000] "GET /documents?token=x1nuETyugtylBSval0IEnIk3X9INbH3g HTTP/1.1" 200 123 "-" "PostmanRuntime/3.0.1"
::1 - - [07/Dec/2016:18:41:44 +0000] "POST /login HTTP/1.1" 401 24 "-" "PostmanRuntime/3.0.1"
::1 - - [07/Dec/2016:18:42:09 +0000] "POST /login HTTP/1.1" 401 24 "-" "PostmanRuntime/3.0.1"
::1 - - [07/Dec/2016:18:42:33 +0000] "GET /documents?token=Keep%20me%20a%20secret HTTP/1.1" 200 44 "-" "PostmanRuntime/3.0.1"
::1 - - [07/Dec/2016:18:44:02 +0000] "PUT /documents/how-to-express.md HTTP/1.1" 401 40 "-" "PostmanRuntime/3.0.1"
::1 - - [07/Dec/2016:18:44:22 +0000] "PUT /documents/how-to-express.md?key=Keep%20me%20a%20secret HTTP/1.1" 401 40 "-" "PostmanRuntime/3.0.1"
::1 - - [07/Dec/2016:18:44:45 +0000] "PUT /documents/how-to-express.md?key=TwJ3X2nhGG2MWqxkXv8doq1rzjJo4qDI HTTP/1.1" 401 40 "-" "PostmanRuntime/3.0.1"
::1 - - [07/Dec/2016:18:45:26 +0000] "PUT /documents/how-to-express.md?key=TwJ3X2nhGG2MWqxkXv8doq1rzjJo4qDI HTTP/1.1" 401 40 "-" "PostmanRuntime/3.0.1"
::1 - - [07/Dec/2016:18:46:13 +0000] "GET /documents?token=Keep%20me%20a%20secret HTTP/1.1" 200 44 "-" "PostmanRuntime/3.0.1"
::1 - - [07/Dec/2016:18:46:28 +0000] "PUT /documents/how-to-express.md?key=TwJ3X2nhGG2MWqxkXv8doq1rzjJo4qDI HTTP/1.1" 401 40 "-" "PostmanRuntime/3.0.1"
::1 - - [07/Dec/2016:18:46:52 +0000] "GET /documents?token=Keep%20me%20a%20secret HTTP/1.1" 200 44 "-" "PostmanRuntime/3.0.1"
::1 - - [07/Dec/2016:18:47:03 +0000] "PUT /documents/how-to-express.md?key=TwJ3X2nhGG2MWqxkXv8doq1rzjJo4qDI HTTP/1.1" 401 40 "-" "PostmanRuntime/3.0.1"
::1 - - [07/Dec/2016:18:51:21 +0000] "PUT /documents/how-to-express.md?token=TwJ3X2nhGG2MWqxkXv8doq1rzjJo4qDI HTTP/1.1" 200 50 "-" "PostmanRuntime/3.0.1"
::1 - - [07/Dec/2016:18:52:10 +0000] "GET /documents?token=Keep%20me%20a%20secret HTTP/1.1" 200 64 "-" "PostmanRuntime/3.0.1"
::1 - - [07/Dec/2016:18:53:49 +0000] "GET /documents?token=Keep%20me%20a%20secret HTTP/1.1" 200 81 "-" "PostmanRuntime/3.0.1"
::1 - - [07/Dec/2016:18:54:31 +0000] "GET /documents?token=Keep%20me%20a%20secret HTTP/1.1" 200 64 "-" "PostmanRuntime/3.0.1"
::1 - - [07/Dec/2016:18:55:05 +0000] "POST /login HTTP/1.1" 200 62 "-" "PostmanRuntime/3.0.1"
::1 - - [07/Dec/2016:18:56:50 +0000] "POST /login HTTP/1.1" 200 62 "-" "PostmanRuntime/3.0.1"
::1 - - [07/Dec/2016:18:57:32 +0000] "GET /documents?token=Keep%20me%20a%20secret HTTP/1.1" 200 64 "-" "PostmanRuntime/3.0.1"
::1 - - [07/Dec/2016:18:58:04 +0000] "POST /login HTTP/1.1" 200 63 "-" "PostmanRuntime/3.0.1"
::1 - - [07/Dec/2016:18:58:20 +0000] "GET /documents?token=FwfaHkW3s7MUXaaKCYS1pRBcLXln1LVK HTTP/1.1" 401 40 "-" "PostmanRuntime/3.0.1"
::1 - - [07/Dec/2016:18:58:33 +0000] "POST /login HTTP/1.1" 200 62 "-" "PostmanRuntime/3.0.1"
::1 - - [07/Dec/2016:18:58:38 +0000] "GET /documents?token=FwfaHkW3s7MUXaaKCYS1pRBcLXln1LVK HTTP/1.1" 401 40 "-" "PostmanRuntime/3.0.1"
::1 - - [07/Dec/2016:18:58:55 +0000] "GET /documents?token=fzrWgutr4bCY94SrnXg3OHGzoceLPgKX HTTP/1.1" 200 64 "-" "PostmanRuntime/3.0.1"
::1 - - [07/Dec/2016:18:59:08 +0000] "POST /login HTTP/1.1" 200 63 "-" "PostmanRuntime/3.0.1"
::1 - - [07/Dec/2016:18:59:24 +0000] "GET /documents?token=yc1RSskILqSOiLYPwUWaCVQxztWQyTyG HTTP/1.1" 200 64 "-" "PostmanRuntime/3.0.1"
::1 - - [07/Dec/2016:19:04:03 +0000] "POST /login HTTP/1.1" 200 62 "-" "PostmanRuntime/3.0.1"
::1 - - [07/Dec/2016:19:06:32 +0000] "GET /documents?token=Keep%20me%20a%20secret HTTP/1.1" 200 64 "-" "PostmanRuntime/3.0.1"
::1 - - [07/Dec/2016:19:10:38 +0000] "POST /login HTTP/1.1" 200 63 "-" "PostmanRuntime/3.0.1"
::1 - - [07/Dec/2016:19:10:56 +0000] "GET /documents?token=Keep%20me%20a%20secret HTTP/1.1" 200 64 "-" "PostmanRuntime/3.0.1"
